#
# A fatal error has been detected by the Java Runtime Environment:
#
#  EXCEPTION_ACCESS_VIOLATION (0xc0000005) at pc=0x0000000071498723, pid=1016, tid=0x0000000000002784
#
# JRE version: Java(TM) SE Runtime Environment (8.0_102-b14) (build 1.8.0_102-b14)
# Java VM: Java HotSpot(TM) 64-Bit Server VM (25.102-b14 mixed mode windows-amd64 compressed oops)
# Problematic frame:
# V  [jvm.dll+0x108723]
#
# Failed to write core dump. Minidumps are not enabled by default on client versions of Windows
#
# If you would like to submit a bug report, please visit:
#   http://bugreport.java.com/bugreport/crash.jsp
#

---------------  T H R E A D  ---------------

Current thread (0x000000001587e000):  JavaThread "C1 CompilerThread1" daemon [_thread_in_vm, id=10116, stack(0x0000000017020000,0x0000000017120000)]

siginfo: ExceptionCode=0xc0000005, reading address 0xffffffffffffffff

Registers:
RAX=0x11bd0011594f0b10, RBX=0x0000000020de7218, RCX=0x0000000020de5c60, RDX=0x000000000297ffd0
RSP=0x000000001711ead8, RBP=0x0000000000000000, RSI=0x0000000017a08250, RDI=0x000000000296ce10
R8 =0x000000000000000b, R9 =0x000000000000000c, R10=0x000000000000000b, R11=0x0000000017a08250
R12=0x000000001b493810, R13=0x00000000000000b6, R14=0x000000001587e000, R15=0x0000000000000000
RIP=0x0000000071498723, EFLAGS=0x0000000000010213

Top of Stack: (sp=0x000000001711ead8)
0x000000001711ead8:   000000007149e67d 0000000020de7218
0x000000001711eae8:   000000001711eb80 000000000296ce10
0x000000001711eaf8:   000000007144d2a7 000000001711eeb0
0x000000001711eb08:   0000000071424056 0000000100844070
0x000000001711eb18:   0000000000000000 000000001711ec60
0x000000001711eb28:   000000001711eb80 000000001711eeb0
0x000000001711eb38:   0000000071424293 0000000100844070
0x000000001711eb48:   000000001587e000 00000000ffffffff
0x000000001711eb58:   00000000715931bb 0000000100844070
0x000000001711eb68:   00000000ffffffff 0000000015882648
0x000000001711eb78:   0000000000000000 0000000020dca3a0
0x000000001711eb88:   000000001587e000 000000001711ec50
0x000000001711eb98:   000000007144cd5c 000000001711ee20
0x000000001711eba8:   000000001711ec50 000000000296ce10
0x000000001711ebb8:   0000000017a08250 000000001b494530
0x000000001711ebc8:   000000001b494a18 0000000000028310 

Instructions: (pc=0x0000000071498723)
0x0000000071498703:   d9 78 4c 66 66 0f 1f 84 00 00 00 00 00 47 8d 04
0x0000000071498713:   11 41 d1 f8 49 63 c0 48 8b 4c c3 08 48 8b 41 08
0x0000000071498723:   0f b7 48 22 48 8b 40 08 48 8b 54 c8 50 49 3b d3
0x0000000071498733:   72 14 33 c0 49 3b d3 0f 95 c0 85 c0 74 1a 78 06 


Register to memory mapping:

RAX=0x11bd0011594f0b10 is an unknown value
RBX=0x0000000020de7218 is pointing into metadata
RCX=0x0000000020de5c60 is pointing into metadata
RDX=0x000000000297ffd0 is an unknown value
RSP=0x000000001711ead8 is pointing into the stack for thread: 0x000000001587e000
RBP=0x0000000000000000 is an unknown value
RSI=0x0000000017a08250 is an unknown value
RDI=0x000000000296ce10 is an unknown value
R8 =0x000000000000000b is an unknown value
R9 =0x000000000000000c is an unknown value
R10=0x000000000000000b is an unknown value
R11=0x0000000017a08250 is an unknown value
R12=0x000000001b493810 is an unknown value
R13=0x00000000000000b6 is an unknown value
R14=0x000000001587e000 is a thread
R15=0x0000000000000000 is an unknown value


Stack: [0x0000000017020000,0x0000000017120000],  sp=0x000000001711ead8,  free space=1018k
Native frames: (J=compiled Java code, j=interpreted, Vv=VM code, C=native code)


Current CompileTask:
C1:12015559 13694       3       com.ibm.icu.util.Calendar::set (65 bytes)


---------------  P R O C E S S  ---------------

Java Threads: ( => current thread )
  0x000000001fc7f000 JavaThread "http-nio-8081-exec-10" daemon [_thread_blocked, id=9740, stack(0x0000000024120000,0x0000000024220000)]
  0x000000001a320000 JavaThread "http-nio-8081-exec-9" daemon [_thread_blocked, id=3024, stack(0x0000000024020000,0x0000000024120000)]
  0x000000001a321800 JavaThread "http-nio-8081-exec-8" daemon [_thread_blocked, id=8044, stack(0x0000000022f50000,0x0000000023050000)]
  0x000000001a31f000 JavaThread "http-nio-8081-exec-7" daemon [_thread_blocked, id=8932, stack(0x0000000022a50000,0x0000000022b50000)]
  0x000000001a314800 JavaThread "http-nio-8081-exec-6" daemon [_thread_blocked, id=12764, stack(0x0000000022950000,0x0000000022a50000)]
  0x000000001a314000 JavaThread "http-nio-8081-exec-5" daemon [_thread_blocked, id=12168, stack(0x0000000022850000,0x0000000022950000)]
  0x000000001a31a800 JavaThread "http-nio-8081-exec-4" daemon [_thread_blocked, id=2876, stack(0x0000000018bd0000,0x0000000018cd0000)]
  0x000000001a312800 JavaThread "http-nio-8081-exec-3" daemon [_thread_blocked, id=6184, stack(0x0000000000d20000,0x0000000000e20000)]
  0x000000001a31a000 JavaThread "http-nio-8081-exec-2" daemon [_thread_blocked, id=10032, stack(0x0000000022750000,0x0000000022850000)]
  0x000000001a313000 JavaThread "http-nio-8081-exec-1" daemon [_thread_blocked, id=2692, stack(0x0000000002820000,0x0000000002920000)]
  0x000000001a320800 JavaThread "http-nio-8081-AsyncTimeout" daemon [_thread_blocked, id=11408, stack(0x0000000022650000,0x0000000022750000)]
  0x000000001a317800 JavaThread "http-nio-8081-Acceptor-0" daemon [_thread_in_native, id=12520, stack(0x0000000022450000,0x0000000022550000)]
  0x000000001a31e800 JavaThread "http-nio-8081-ClientPoller-1" daemon [_thread_in_native, id=4216, stack(0x0000000022350000,0x0000000022450000)]
  0x000000001a318800 JavaThread "http-nio-8081-ClientPoller-0" daemon [_thread_in_native, id=11700, stack(0x0000000021190000,0x0000000021290000)]
  0x000000001a31d000 JavaThread "NioBlockingSelector.BlockPoller-3" daemon [_thread_in_native, id=13104, stack(0x000000001e850000,0x000000001e950000)]
  0x000000001a31d800 JavaThread "File Watcher" daemon [_thread_blocked, id=660, stack(0x000000001e050000,0x000000001e150000)]
  0x000000001a315800 JavaThread "HSQLDB Timer @1db0ad20" daemon [_thread_blocked, id=12464, stack(0x000000001dd50000,0x000000001de50000)]
  0x000000001a319000 JavaThread "Tomcat JDBC Pool Cleaner[414493378:1481830411346]" daemon [_thread_blocked, id=11100, stack(0x000000001dc50000,0x000000001dd50000)]
  0x000000001a31c000 JavaThread "container-0" [_thread_blocked, id=8376, stack(0x0000000018fd0000,0x00000000190d0000)]
  0x000000001a31b800 JavaThread "ContainerBackgroundProcessor[StandardEngine[Tomcat]]" daemon [_thread_blocked, id=12980, stack(0x0000000018cd0000,0x0000000018dd0000)]
  0x000000001fc7e000 JavaThread "DestroyJavaVM" [_thread_blocked, id=13024, stack(0x00000000026b0000,0x00000000027b0000)]
  0x000000001fc7f800 JavaThread "Live Reload Server" daemon [_thread_in_native, id=5960, stack(0x000000001f790000,0x000000001f890000)]
  0x000000001b156000 JavaThread "Abandoned connection cleanup thread" daemon [_thread_blocked, id=12704, stack(0x000000001e150000,0x000000001e250000)]
  0x000000001589e000 JavaThread "Service Thread" daemon [_thread_blocked, id=176, stack(0x0000000017120000,0x0000000017220000)]
=>0x000000001587e000 JavaThread "C1 CompilerThread1" daemon [_thread_in_vm, id=10116, stack(0x0000000017020000,0x0000000017120000)]
  0x0000000015884800 JavaThread "C2 CompilerThread0" daemon [_thread_blocked, id=12296, stack(0x0000000016b20000,0x0000000016c20000)]
  0x0000000015875000 JavaThread "JDWP Command Reader" daemon [_thread_in_native, id=5940, stack(0x0000000016a20000,0x0000000016b20000)]
  0x0000000015868000 JavaThread "JDWP Event Helper Thread" daemon [_thread_blocked, id=6100, stack(0x0000000016920000,0x0000000016a20000)]
  0x0000000015865800 JavaThread "JDWP Transport Listener: dt_socket" daemon [_thread_blocked, id=12924, stack(0x0000000016820000,0x0000000016920000)]
  0x000000001580c000 JavaThread "Attach Listener" daemon [_thread_blocked, id=1424, stack(0x0000000016720000,0x0000000016820000)]
  0x0000000015856800 JavaThread "Signal Dispatcher" daemon [_thread_blocked, id=7568, stack(0x0000000016620000,0x0000000016720000)]
  0x00000000157ea000 JavaThread "Finalizer" daemon [_thread_blocked, id=11276, stack(0x0000000016440000,0x0000000016540000)]
  0x0000000002a16000 JavaThread "Reference Handler" daemon [_thread_blocked, id=9600, stack(0x0000000016340000,0x0000000016440000)]

Other Threads:
  0x00000000157c5800 VMThread [stack: 0x0000000016240000,0x0000000016340000] [id=5856]
  0x0000000016cb1000 WatcherThread [stack: 0x0000000017220000,0x0000000017320000] [id=12372]

VM state:not at safepoint (normal execution)

VM Mutex/Monitor currently owned by a thread:  ([mutex/lock_event])
[0x0000000002926410] Compile_lock - owner thread: 0x000000001587e000

Heap:
 PSYoungGen      total 81408K, used 66077K [0x00000000e5580000, 0x00000000eb000000, 0x0000000100000000)
  eden space 75264K, 86% used [0x00000000e5580000,0x00000000e9547638,0x00000000e9f00000)
  from space 6144K, 12% used [0x00000000eaa00000,0x00000000eaac0000,0x00000000eb000000)
  to   space 8704K, 0% used [0x00000000e9f00000,0x00000000e9f00000,0x00000000ea780000)
 ParOldGen       total 109056K, used 59433K [0x00000000b0000000, 0x00000000b6a80000, 0x00000000e5580000)
  object space 109056K, 54% used [0x00000000b0000000,0x00000000b3a0a7d0,0x00000000b6a80000)
 Metaspace       used 74166K, capacity 75436K, committed 75696K, reserved 1116160K
  class space    used 8531K, capacity 8832K, committed 8880K, reserved 1048576K

Card table byte_map: [0x0000000011de0000,0x0000000012070000] byte_map_base: 0x0000000011860000

Marking Bits: (ParMarkBitMap*) 0x0000000071baa6c0
 Begin Bits: [0x0000000012420000, 0x0000000013820000)
 End Bits:   [0x0000000013820000, 0x0000000014c20000)

Polling page: 0x0000000000b50000

CodeCache: size=245760Kb used=42528Kb max_used=42528Kb free=203231Kb
 bounds [0x0000000002a20000, 0x0000000005400000, 0x0000000011a20000]
 total_blobs=11528 nmethods=10719 adapters=729
 compilation: enabled

Compilation events (10 events):
Event: 12011.418 Thread 0x000000001587e000 nmethod 13691 0x0000000004262950 code [0x0000000004262b40, 0x00000000042633a8]
Event: 12011.418 Thread 0x000000001587e000 13692       3       com.fasterxml.jackson.core.json.UTF8StreamJsonParser::nextFieldName (510 bytes)
Event: 12011.421 Thread 0x000000001587e000 nmethod 13692 0x0000000004280b10 code [0x0000000004280f00, 0x0000000004283288]
Event: 12011.421 Thread 0x000000001587e000 13696       1       hassan.personnel.managment.models.entities.Work::getDate (5 bytes)
Event: 12011.421 Thread 0x000000001587e000 nmethod 13696 0x00000000042625d0 code [0x0000000004262720, 0x0000000004262830]
Event: 12011.421 Thread 0x000000001587e000 13697       1       com.ibm.icu.util.Calendar::getTimeZone (5 bytes)
Event: 12011.421 Thread 0x000000001587e000 nmethod 13697 0x000000000427a5d0 code [0x000000000427a720, 0x000000000427a830]
Event: 12011.421 Thread 0x000000001587e000 13693   !   3       sun.reflect.GeneratedMethodAccessor87::invoke (63 bytes)
Event: 12011.422 Thread 0x000000001587e000 nmethod 13693 0x0000000004279810 code [0x0000000004279a20, 0x000000000427a178]
Event: 12011.422 Thread 0x000000001587e000 13694       3       com.ibm.icu.util.Calendar::set (65 bytes)

GC Heap History (10 events):
Event: 11682.452 GC heap before
{Heap before GC invocations=97 (full 5):
 PSYoungGen      total 86528K, used 86096K [0x00000000e5580000, 0x00000000ebf00000, 0x0000000100000000)
  eden space 85504K, 100% used [0x00000000e5580000,0x00000000ea900000,0x00000000ea900000)
  from space 1024K, 57% used [0x00000000eab80000,0x00000000eac14010,0x00000000eac80000)
  to   space 11264K, 0% used [0x00000000eb400000,0x00000000eb400000,0x00000000ebf00000)
 ParOldGen       total 109056K, used 59361K [0x00000000b0000000, 0x00000000b6a80000, 0x00000000e5580000)
  object space 109056K, 54% used [0x00000000b0000000,0x00000000b39f87c0,0x00000000b6a80000)
 Metaspace       used 74031K, capacity 75248K, committed 75440K, reserved 1116160K
  class space    used 8520K, capacity 8812K, committed 8880K, reserved 1048576K
Event: 11682.460 GC heap after
Heap after GC invocations=97 (full 5):
 PSYoungGen      total 91648K, used 720K [0x00000000e5580000, 0x00000000ebc00000, 0x0000000100000000)
  eden space 83456K, 0% used [0x00000000e5580000,0x00000000e5580000,0x00000000ea700000)
  from space 8192K, 8% used [0x00000000eb400000,0x00000000eb4b4010,0x00000000ebc00000)
  to   space 10752K, 0% used [0x00000000ea700000,0x00000000ea700000,0x00000000eb180000)
 ParOldGen       total 109056K, used 59377K [0x00000000b0000000, 0x00000000b6a80000, 0x00000000e5580000)
  object space 109056K, 54% used [0x00000000b0000000,0x00000000b39fc7c0,0x00000000b6a80000)
 Metaspace       used 74031K, capacity 75248K, committed 75440K, reserved 1116160K
  class space    used 8520K, capacity 8812K, committed 8880K, reserved 1048576K
}
Event: 11758.131 GC heap before
{Heap before GC invocations=98 (full 5):
 PSYoungGen      total 91648K, used 84176K [0x00000000e5580000, 0x00000000ebc00000, 0x0000000100000000)
  eden space 83456K, 100% used [0x00000000e5580000,0x00000000ea700000,0x00000000ea700000)
  from space 8192K, 8% used [0x00000000eb400000,0x00000000eb4b4010,0x00000000ebc00000)
  to   space 10752K, 0% used [0x00000000ea700000,0x00000000ea700000,0x00000000eb180000)
 ParOldGen       total 109056K, used 59377K [0x00000000b0000000, 0x00000000b6a80000, 0x00000000e5580000)
  object space 109056K, 54% used [0x00000000b0000000,0x00000000b39fc7c0,0x00000000b6a80000)
 Metaspace       used 74036K, capacity 75248K, committed 75440K, reserved 1116160K
  class space    used 8520K, capacity 8812K, committed 8880K, reserved 1048576K
Event: 11758.196 GC heap after
Heap after GC invocations=98 (full 5):
 PSYoungGen      total 82432K, used 656K [0x00000000e5580000, 0x00000000eb900000, 0x0000000100000000)
  eden space 81408K, 0% used [0x00000000e5580000,0x00000000e5580000,0x00000000ea500000)
  from space 1024K, 64% used [0x00000000ea700000,0x00000000ea7a4010,0x00000000ea800000)
  to   space 10240K, 0% used [0x00000000eaf00000,0x00000000eaf00000,0x00000000eb900000)
 ParOldGen       total 109056K, used 59377K [0x00000000b0000000, 0x00000000b6a80000, 0x00000000e5580000)
  object space 109056K, 54% used [0x00000000b0000000,0x00000000b39fc7c0,0x00000000b6a80000)
 Metaspace       used 74036K, capacity 75248K, committed 75440K, reserved 1116160K
  class space    used 8520K, capacity 8812K, committed 8880K, reserved 1048576K
}
Event: 11842.177 GC heap before
{Heap before GC invocations=99 (full 5):
 PSYoungGen      total 82432K, used 82064K [0x00000000e5580000, 0x00000000eb900000, 0x0000000100000000)
  eden space 81408K, 100% used [0x00000000e5580000,0x00000000ea500000,0x00000000ea500000)
  from space 1024K, 64% used [0x00000000ea700000,0x00000000ea7a4010,0x00000000ea800000)
  to   space 10240K, 0% used [0x00000000eaf00000,0x00000000eaf00000,0x00000000eb900000)
 ParOldGen       total 109056K, used 59377K [0x00000000b0000000, 0x00000000b6a80000, 0x00000000e5580000)
  object space 109056K, 54% used [0x00000000b0000000,0x00000000b39fc7c0,0x00000000b6a80000)
 Metaspace       used 74036K, capacity 75248K, committed 75440K, reserved 1116160K
  class space    used 8520K, capacity 8812K, committed 8880K, reserved 1048576K
Event: 11842.195 GC heap after
Heap after GC invocations=99 (full 5):
 PSYoungGen      total 86528K, used 688K [0x00000000e5580000, 0x00000000eb600000, 0x0000000100000000)
  eden space 79360K, 0% used [0x00000000e5580000,0x00000000e5580000,0x00000000ea300000)
  from space 7168K, 9% used [0x00000000eaf00000,0x00000000eafac010,0x00000000eb600000)
  to   space 9728K, 0% used [0x00000000ea300000,0x00000000ea300000,0x00000000eac80000)
 ParOldGen       total 109056K, used 59385K [0x00000000b0000000, 0x00000000b6a80000, 0x00000000e5580000)
  object space 109056K, 54% used [0x00000000b0000000,0x00000000b39fe7c0,0x00000000b6a80000)
 Metaspace       used 74036K, capacity 75248K, committed 75440K, reserved 1116160K
  class space    used 8520K, capacity 8812K, committed 8880K, reserved 1048576K
}
Event: 11883.136 GC heap before
{Heap before GC invocations=100 (full 5):
 PSYoungGen      total 86528K, used 80048K [0x00000000e5580000, 0x00000000eb600000, 0x0000000100000000)
  eden space 79360K, 100% used [0x00000000e5580000,0x00000000ea300000,0x00000000ea300000)
  from space 7168K, 9% used [0x00000000eaf00000,0x00000000eafac010,0x00000000eb600000)
  to   space 9728K, 0% used [0x00000000ea300000,0x00000000ea300000,0x00000000eac80000)
 ParOldGen       total 109056K, used 59385K [0x00000000b0000000, 0x00000000b6a80000, 0x00000000e5580000)
  object space 109056K, 54% used [0x00000000b0000000,0x00000000b39fe7c0,0x00000000b6a80000)
 Metaspace       used 74047K, capacity 75248K, committed 75440K, reserved 1116160K
  class space    used 8520K, capacity 8812K, committed 8880K, reserved 1048576K
Event: 11883.186 GC heap after
Heap after GC invocations=100 (full 5):
 PSYoungGen      total 77824K, used 448K [0x00000000e5580000, 0x00000000eb300000, 0x0000000100000000)
  eden space 77312K, 0% used [0x00000000e5580000,0x00000000e5580000,0x00000000ea100000)
  from space 512K, 87% used [0x00000000ea300000,0x00000000ea370020,0x00000000ea380000)
  to   space 9216K, 0% used [0x00000000eaa00000,0x00000000eaa00000,0x00000000eb300000)
 ParOldGen       total 109056K, used 59401K [0x00000000b0000000, 0x00000000b6a80000, 0x00000000e5580000)
  object space 109056K, 54% used [0x00000000b0000000,0x00000000b3a027c0,0x00000000b6a80000)
 Metaspace       used 74047K, capacity 75248K, committed 75440K, reserved 1116160K
  class space    used 8520K, capacity 8812K, committed 8880K, reserved 1048576K
}
Event: 11955.069 GC heap before
{Heap before GC invocations=101 (full 5):
 PSYoungGen      total 77824K, used 77760K [0x00000000e5580000, 0x00000000eb300000, 0x0000000100000000)
  eden space 77312K, 100% used [0x00000000e5580000,0x00000000ea100000,0x00000000ea100000)
  from space 512K, 87% used [0x00000000ea300000,0x00000000ea370020,0x00000000ea380000)
  to   space 9216K, 0% used [0x00000000eaa00000,0x00000000eaa00000,0x00000000eb300000)
 ParOldGen       total 109056K, used 59401K [0x00000000b0000000, 0x00000000b6a80000, 0x00000000e5580000)
  object space 109056K, 54% used [0x00000000b0000000,0x00000000b3a027c0,0x00000000b6a80000)
 Metaspace       used 74097K, capacity 75282K, committed 75440K, reserved 1116160K
  class space    used 8523K, capacity 8817K, committed 8880K, reserved 1048576K
Event: 11955.077 GC heap after
Heap after GC invocations=101 (full 5):
 PSYoungGen      total 81408K, used 768K [0x00000000e5580000, 0x00000000eb000000, 0x0000000100000000)
  eden space 75264K, 0% used [0x00000000e5580000,0x00000000e5580000,0x00000000e9f00000)
  from space 6144K, 12% used [0x00000000eaa00000,0x00000000eaac0000,0x00000000eb000000)
  to   space 8704K, 0% used [0x00000000e9f00000,0x00000000e9f00000,0x00000000ea780000)
 ParOldGen       total 109056K, used 59433K [0x00000000b0000000, 0x00000000b6a80000, 0x00000000e5580000)
  object space 109056K, 54% used [0x00000000b0000000,0x00000000b3a0a7d0,0x00000000b6a80000)
 Metaspace       used 74097K, capacity 75282K, committed 75440K, reserved 1116160K
  class space    used 8523K, capacity 8817K, committed 8880K, reserved 1048576K
}

Deoptimization events (10 events):
Event: 8969.902 Thread 0x000000001a312800 Uncommon trap: reason=class_check action=maybe_recompile pc=0x0000000003988a38 method=org.springframework.core.ResolvableType.resolveType()Lorg/springframework/core/ResolvableType; @ 131
Event: 9278.226 Thread 0x000000001a321800 Uncommon trap: reason=unstable_if action=reinterpret pc=0x00000000049f5d8c method=org.hsqldb.map.BaseHashMap.addOrRemove(JJLjava/lang/Object;Ljava/lang/Object;Z)Ljava/lang/Object; @ 391
Event: 9315.079 Thread 0x000000001a312800 Uncommon trap: reason=class_check action=maybe_recompile pc=0x0000000004d5a138 method=org.springframework.util.MimeType.parametersAreEqual(Lorg/springframework/util/MimeType;)Z @ 4
Event: 9315.079 Thread 0x000000001a312800 Uncommon trap: reason=class_check action=maybe_recompile pc=0x0000000004d5a138 method=org.springframework.util.MimeType.parametersAreEqual(Lorg/springframework/util/MimeType;)Z @ 4
Event: 9394.648 Thread 0x000000001a312800 Uncommon trap: reason=null_check action=make_not_entrant pc=0x00000000044b3e2c method=org.thymeleaf.doctype.DocTypeIdentifier.matches(Lorg/thymeleaf/doctype/DocTypeIdentifier;)Z @ 43
Event: 9693.592 Thread 0x000000001a314800 Uncommon trap: reason=unstable_if action=reinterpret pc=0x0000000004f2ee04 method=org.apache.coyote.http11.Http11InputBuffer.parseRequestLine(Z)Z @ 86
Event: 11590.800 Thread 0x000000001fc7f000 Uncommon trap: reason=unstable_if action=reinterpret pc=0x0000000002db7c0c method=java.util.concurrent.locks.AbstractQueuedSynchronizer.acquire(I)V @ 5
Event: 11625.601 Thread 0x000000001fc7f000 Uncommon trap: reason=unstable_if action=reinterpret pc=0x000000000348c948 method=java.lang.ref.SoftReference.get()Ljava/lang/Object; @ 6
Event: 11921.325 Thread 0x000000001a31f000 Uncommon trap: reason=unstable_if action=reinterpret pc=0x0000000002bb7430 method=org.hsqldb.ExpressionLogical.compareValues(Lorg/hsqldb/Session;Ljava/lang/Object;Ljava/lang/Object;)Ljava/lang/Boolean; @ 157
Event: 11921.826 Thread 0x000000001a31f000 Uncommon trap: reason=unstable_if action=reinterpret pc=0x0000000004a11510 method=org.hsqldb.types.NumberType.compare(Lorg/hsqldb/Session;Ljava/lang/Object;Ljava/lang/Object;)I @ 317

Internal exceptions (10 events):
Event: 9278.199 Thread 0x000000001a321800 Exception <a 'java/lang/ClassNotFoundException': java/lang/ObjectCustomizer> (0x00000000e8f2cd38) thrown at [C:\re\workspace\8-2-build-windows-amd64-cygwin\jdk8u102\7268\hotspot\src\share\vm\classfile\systemDictionary.cpp, line 210]
Event: 9278.203 Thread 0x000000001a321800 Exception <a 'java/lang/ClassNotFoundException': hassan/personnel/managment/models/entities/WorkCustomizer> (0x00000000e8f5a780) thrown at [C:\re\workspace\8-2-build-windows-amd64-cygwin\jdk8u102\7268\hotspot\src\share\vm\classfile\systemDictionary.cpp, li
Event: 9278.206 Thread 0x000000001a321800 Exception <a 'java/lang/ClassNotFoundException': hassan/personnel/managment/models/interfaces/ModelCustomizer> (0x00000000e8f9ba60) thrown at [C:\re\workspace\8-2-build-windows-amd64-cygwin\jdk8u102\7268\hotspot\src\share\vm\classfile\systemDictionary.cpp,ap˜¬Â@
Event: 9278.208 Thread 0x000000001a321800 Exception <a 'java/lang/ClassNotFoundException': hassan/personnel/managment/models/interfaces/ViewModelCustomizer> (0x00000000e8fc9bc0) thrown at [C:\re\workspace\8-2-build-windows-amd64-cygwin\jdk8u102\7268\hotspot\src\share\vm\classfile\systemDictionary.á×AçRYÂ@
Event: 9394.648 Thread 0x000000001a312800 Implicit null exception at 0x00000000044b3d40 to 0x00000000044b3e19
Event: 11625.601 Thread 0x000000001fc7f000 Implicit null exception at 0x00000000034850f0 to 0x000000000348c901
Event: 11921.357 Thread 0x000000001a31f000 Exception <a 'java/lang/ClassNotFoundException': java/lang/ObjectCustomizer> (0x00000000e7cb3e68) thrown at [C:\re\workspace\8-2-build-windows-amd64-cygwin\jdk8u102\7268\hotspot\src\share\vm\classfile\systemDictionary.cpp, line 210]
Event: 11921.366 Thread 0x000000001a31f000 Exception <a 'java/lang/ClassNotFoundException': hassan/personnel/managment/models/entities/WorkCustomizer> (0x00000000e7ce1908) thrown at [C:\re\workspace\8-2-build-windows-amd64-cygwin\jdk8u102\7268\hotspot\src\share\vm\classfile\systemDictionary.cpp, liie^º°HÇ@
Event: 11921.381 Thread 0x000000001a31f000 Exception <a 'java/lang/ClassNotFoundException': hassan/personnel/managment/models/interfaces/ModelCustomizer> (0x00000000e7d22d18) thrown at [C:\re\workspace\8-2-build-windows-amd64-cygwin\jdk8u102\7268\hotspot\src\share\vm\classfile\systemDictionary.cpp,ý|œµHÇ@
Event: 11921.419 Thread 0x000000001a31f000 Exception <a 'java/lang/ClassNotFoundException': hassan/personnel/managment/models/interfaces/ViewModelCustomizer> (0x00000000e7d50f48) thrown at [C:\re\workspace\8-2-build-windows-amd64-cygwin\jdk8u102\7268\hotspot\src\share\vm\classfile\systemDictionary.¬wÂ@

Events (10 events):
Event: 11985.806 Thread 0x000000001a313000 DEOPT UNPACKING pc=0x0000000002a671bf sp=0x000000000291eb40 mode 1
Event: 11985.806 Thread 0x000000001a314000 DEOPT UNPACKING pc=0x0000000002a671bf sp=0x000000002294e760 mode 1
Event: 12005.809 Executing VM operation: RevokeBias
Event: 12005.809 Executing VM operation: RevokeBias done
Event: 12005.809 Executing VM operation: RevokeBias
Event: 12005.809 Executing VM operation: RevokeBias done
Event: 12005.809 Thread 0x000000001a31a800 DEOPT PACKING pc=0x0000000005217724 sp=0x0000000018ccec10
Event: 12005.810 Thread 0x000000001a31a800 DEOPT UNPACKING pc=0x0000000002a671bf sp=0x0000000018ccead0 mode 1
Event: 12005.810 Thread 0x000000001a31a000 DEOPT PACKING pc=0x0000000005217724 sp=0x000000002284eba0
Event: 12005.810 Thread 0x000000001a31a000 DEOPT UNPACKING pc=0x0000000002a671bf sp=0x000000002284ea60 mode 1


Dynamic libraries:
0x00007ff6b7c70000 - 0x00007ff6b7ca7000 	C:\Program Files\Java\jdk1.8.0_102\bin\java.exe
0x00007ffeceab0000 - 0x00007ffecec72000 	C:\WINDOWS\SYSTEM32\ntdll.dll
0x00007ffecea00000 - 0x00007ffeceaad000 	C:\WINDOWS\system32\KERNEL32.DLL
0x00007ffecb570000 - 0x00007ffecb74d000 	C:\WINDOWS\system32\KERNELBASE.dll
0x00007ffecc4b0000 - 0x00007ffecc556000 	C:\WINDOWS\system32\ADVAPI32.dll
0x00007ffecc780000 - 0x00007ffecc81d000 	C:\WINDOWS\system32\msvcrt.dll
0x00007ffece240000 - 0x00007ffece29b000 	C:\WINDOWS\system32\sechost.dll
0x00007ffece8a0000 - 0x00007ffece9c6000 	C:\WINDOWS\system32\RPCRT4.dll
0x00007ffecc1d0000 - 0x00007ffecc31e000 	C:\WINDOWS\system32\USER32.dll
0x00007ffece0b0000 - 0x00007ffece235000 	C:\WINDOWS\system32\GDI32.dll
0x00007ffec4ff0000 - 0x00007ffec5264000 	C:\WINDOWS\WinSxS\amd64_microsoft.windows.common-controls_6595b64144ccf1df_6.0.10240.17184_none_f41d7a705752bce6\COMCTL32.dll
0x00007ffecc740000 - 0x00007ffecc776000 	C:\WINDOWS\system32\IMM32.DLL
0x00007ffece2a0000 - 0x00007ffece3fc000 	C:\WINDOWS\system32\MSCTF.dll
0x0000000071c30000 - 0x0000000071d01000 	C:\Program Files\Java\jdk1.8.0_102\jre\bin\msvcr100.dll
0x0000000071390000 - 0x0000000071c2a000 	C:\Program Files\Java\jdk1.8.0_102\jre\bin\server\jvm.dll
0x00007ffecc560000 - 0x00007ffecc568000 	C:\WINDOWS\system32\PSAPI.DLL
0x00007ffebdcb0000 - 0x00007ffebdcb9000 	C:\WINDOWS\SYSTEM32\WSOCK32.dll
0x00007ffece770000 - 0x00007ffece7d9000 	C:\WINDOWS\system32\WS2_32.dll
0x00007ffecc4a0000 - 0x00007ffecc4a8000 	C:\WINDOWS\system32\NSI.dll
0x00007ffec9700000 - 0x00007ffec9723000 	C:\WINDOWS\SYSTEM32\WINMM.dll
0x00007ffec6ac0000 - 0x00007ffec6aca000 	C:\WINDOWS\SYSTEM32\VERSION.dll
0x00007ffec95f0000 - 0x00007ffec961c000 	C:\WINDOWS\SYSTEM32\WINMMBASE.dll
0x00007ffecb750000 - 0x00007ffecb794000 	C:\WINDOWS\system32\cfgmgr32.dll
0x00007ffec9e60000 - 0x00007ffec9e87000 	C:\WINDOWS\SYSTEM32\DEVOBJ.dll
0x0000000071380000 - 0x000000007138f000 	C:\Program Files\Java\jdk1.8.0_102\jre\bin\verify.dll
0x0000000071350000 - 0x0000000071379000 	C:\Program Files\Java\jdk1.8.0_102\jre\bin\java.dll
0x00000000712f0000 - 0x0000000071325000 	C:\Program Files\Java\jdk1.8.0_102\jre\bin\jdwp.dll
0x00000000712e0000 - 0x00000000712e8000 	C:\Program Files\Java\jdk1.8.0_102\jre\bin\npt.dll
0x0000000071330000 - 0x0000000071346000 	C:\Program Files\Java\jdk1.8.0_102\jre\bin\zip.dll
0x00007ffecc820000 - 0x00007ffecdd43000 	C:\WINDOWS\system32\SHELL32.dll
0x00007ffecb800000 - 0x00007ffecbe29000 	C:\WINDOWS\system32\windows.storage.dll
0x00007ffecde30000 - 0x00007ffece0ac000 	C:\WINDOWS\system32\combase.dll
0x00007ffece840000 - 0x00007ffece891000 	C:\WINDOWS\system32\shlwapi.dll
0x00007ffecb4d0000 - 0x00007ffecb4df000 	C:\WINDOWS\system32\kernel.appcore.dll
0x00007ffecbe30000 - 0x00007ffecbee3000 	C:\WINDOWS\system32\shcore.dll
0x00007ffecb4e0000 - 0x00007ffecb52a000 	C:\WINDOWS\system32\powrprof.dll
0x00007ffecb530000 - 0x00007ffecb543000 	C:\WINDOWS\system32\profapi.dll
0x00000000712d0000 - 0x00000000712d9000 	C:\Program Files\Java\jdk1.8.0_102\jre\bin\dt_socket.dll
0x00007ffecace0000 - 0x00007ffecad3d000 	C:\WINDOWS\system32\mswsock.dll
0x0000000071280000 - 0x000000007128d000 	C:\Program Files\Java\jdk1.8.0_102\jre\bin\management.dll
0x00000000712b0000 - 0x00000000712ca000 	C:\Program Files\Java\jdk1.8.0_102\jre\bin\net.dll
0x00007ffeb2e70000 - 0x00007ffeb2e85000 	C:\WINDOWS\system32\napinsp.dll
0x00007ffeb3070000 - 0x00007ffeb308a000 	C:\WINDOWS\system32\pnrpnsp.dll
0x00007ffec8f50000 - 0x00007ffec8f68000 	C:\WINDOWS\system32\NLAapi.dll
0x00007ffecaa70000 - 0x00007ffecab18000 	C:\WINDOWS\SYSTEM32\DNSAPI.dll
0x00007ffeb30d0000 - 0x00007ffeb30dd000 	C:\WINDOWS\System32\winrnr.dll
0x0000000072650000 - 0x0000000072676000 	C:\Program Files\Bonjour\mdnsNSP.dll
0x00007ffec88f0000 - 0x00007ffec8928000 	C:\WINDOWS\SYSTEM32\Iphlpapi.DLL
0x00007ffec8790000 - 0x00007ffec879b000 	C:\WINDOWS\SYSTEM32\WINNSI.DLL
0x00007ffeb3090000 - 0x00007ffeb30a5000 	C:\WINDOWS\system32\wshbth.dll
0x00007ffec0ce0000 - 0x00007ffec0cea000 	C:\Windows\System32\rasadhlp.dll
0x00007ffec0f10000 - 0x00007ffec0f78000 	C:\WINDOWS\System32\fwpuclnt.dll
0x00007ffecb400000 - 0x00007ffecb428000 	C:\WINDOWS\SYSTEM32\bcrypt.dll
0x0000000071290000 - 0x00000000712a1000 	C:\Program Files\Java\jdk1.8.0_102\jre\bin\nio.dll
0x00007ffecad40000 - 0x00007ffecad57000 	C:\WINDOWS\SYSTEM32\CRYPTSP.dll
0x00007ffeca960000 - 0x00007ffeca993000 	C:\WINDOWS\system32\rsaenh.dll
0x00007ffecaa50000 - 0x00007ffecaa6f000 	C:\WINDOWS\SYSTEM32\USERENV.dll
0x00007ffecb2f0000 - 0x00007ffecb35b000 	C:\WINDOWS\system32\bcryptprimitives.dll
0x00007ffecb000000 - 0x00007ffecb00b000 	C:\WINDOWS\SYSTEM32\CRYPTBASE.dll
0x00007ffec12e0000 - 0x00007ffec12f6000 	C:\WINDOWS\SYSTEM32\dhcpcsvc6.DLL
0x00007ffec12c0000 - 0x00007ffec12da000 	C:\WINDOWS\SYSTEM32\dhcpcsvc.DLL
0x00007ffec5cc0000 - 0x00007ffec5e4a000 	C:\WINDOWS\SYSTEM32\dbghelp.dll

VM Arguments:
jvm_args: -agentlib:jdwp=transport=dt_socket,address=127.0.0.1:32589,suspend=y,server=n -Dspring.output.ansi.enabled=always -Dfile.encoding=UTF-8 
java_command: hassan.personnel.managment.DemoApplication
java_class_path (initial): C:\Program Files\Java\jdk1.8.0_102\jre\lib\charsets.jar;C:\Program Files\Java\jdk1.8.0_102\jre\lib\deploy.jar;C:\Program Files\Java\jdk1.8.0_102\jre\lib\ext\access-bridge-64.jar;C:\Program Files\Java\jdk1.8.0_102\jre\lib\ext\cldrdata.jar;C:\Program Files\Java\jdk1.8.0_102\jre\lib\ext\dnsns.jar;C:\Program Files\Java\jdk1.8.0_102\jre\lib\ext\jaccess.jar;C:\Program Files\Java\jdk1.8.0_102\jre\lib\ext\jfxrt.jar;C:\Program Files\Java\jdk1.8.0_102\jre\lib\ext\localedata.jar;C:\Program Files\Java\jdk1.8.0_102\jre\lib\ext\nashorn.jar;C:\Program Files\Java\jdk1.8.0_102\jre\lib\ext\sunec.jar;C:\Program Files\Java\jdk1.8.0_102\jre\lib\ext\sunjce_provider.jar;C:\Program Files\Java\jdk1.8.0_102\jre\lib\ext\sunmscapi.jar;C:\Program Files\Java\jdk1.8.0_102\jre\lib\ext\sunpkcs11.jar;C:\Program Files\Java\jdk1.8.0_102\jre\lib\ext\zipfs.jar;C:\Program Files\Java\jdk1.8.0_102\jre\lib\javaws.jar;C:\Program Files\Java\jdk1.8.0_102\jre\lib\jce.jar;C:\Program Files\Java\jdk1.8.0_102\jre\lib\jfr.jar;C:\Program Files\Java\jdk1.8.0_102\jre\lib\jfxswt.jar;C:\Program Files\Java\jdk1.8.0_102\jre\lib\jsse.jar;C:\Program Files\Java\jdk1.8.0_102\jre\lib\management-agent.jar;C:\Program Files\Java\jdk1.8.0_102\jre\lib\plugin.jar;C:\Program Files\Java\jdk1.8.0_102\jre\lib\resources.jar;C:\Program Files\Java\jdk1.8.0_102\jre\lib\rt.jar;F:\Project2016\PersonnelManagement\target\classes;F:\Project2016\PersonnelManagement\src\main\resources\static\typings;C:\Users\Hassan\.m2\repository\org\springframework\boot\spring-boot-starter-cache\1.4.2.RELEASE\spring-boot-starter-cache-1.4.2.RELEASE.jar;C:\Users\Hassan\.m2\repository\org\springframework\boot\spring-boot-starter\1.4.2.RELEASE\spring-boot-starter-1.4.2.RELEASE.jar;C:\Users\Hassan\.m2\repository\org\springframework\boot\spring-boot-starter-logging\1.4.2.RELEASE\spring-boot-starter-logging-1.4.2.RELEASE.jar;C:\Users\Hassan\.m2\repository\ch\qos\logback\logback-classic\1.1.7\logback-classic-1.1.7.jar;C:\Users\Hassan\.m2\repo
Launcher Type: SUN_STANDARD

Environment Variables:
PATH=C:\Program Files\NVIDIA GPU Computing Toolkit\CUDA\v7.5\bin;C:\Program Files\NVIDIA GPU Computing Toolkit\CUDA\v7.5\libnvvp;C:\ProgramData\Oracle\Java\javapath;C:\WINDOWS\system32;C:\WINDOWS;C:\WINDOWS\System32\Wbem;C:\WINDOWS\System32\WindowsPowerShell\v1.0\;C:\Users\Hassan\.dnx\bin;C:\Program Files\Microsoft DNX\Dnvm\;C:\Program Files (x86)\Windows Kits\8.1\Windows Performance Toolkit\;C:\Program Files\Microsoft SQL Server\120\Tools\Binn\;C:\Program Files (x86)\NVIDIA Corporation\PhysX\Common;C:\Program Files (x86)\Skype\Phone\;C:\Program Files (x86)\Java\jre1.8.0_66\bin;C:\Anaconda3;C:\Anaconda3\Scripts;C:\Anaconda3\Library\bin;C:\Program Files\Git\cmd;C:\Program Files (x86)\Microsoft SQL Server\130\Tools\Binn\;C:\Program Files\Microsoft SQL Server\130\Tools\Binn\;C:\Program Files (x86)\Microsoft SQL Server\130\DTS\Binn\;C:\Program Files\Microsoft SQL Server\130\DTS\Binn\;C:\Program Files\Microsoft SQL Server\Client SDK\ODBC\130\Tools\Binn\;C:\Program Files (x86)\nodejs\;C:\Users\Hassan\.dnx\bin;C:\Users\Hassan\AppData\Local\Programs\Python\Python35-32\Scripts\;C:\Users\Hassan\AppData\Local\Programs\Python\Python35-32\;C:\Users\Hassan\AppData\Roaming\npm
USERNAME=Hassan
OS=Windows_NT
PROCESSOR_IDENTIFIER=Intel64 Family 6 Model 15 Stepping 6, GenuineIntel



---------------  S Y S T E M  ---------------

OS: Windows 10.0 , 64 bit Build 10240 (10.0.10240.17113)

CPU:total 2 (2 cores per cpu, 1 threads per core) family 6 model 15 stepping 6, cmov, cx8, fxsr, mmx, sse, sse2, sse3, ssse3, tsc

Memory: 4k page, physical 5241332k(841532k free), swap 10222068k(2216232k free)

vm_info: Java HotSpot(TM) 64-Bit Server VM (25.102-b14) for windows-amd64 JRE (1.8.0_102-b14), built on Jun 22 2016 13:15:21 by "java_re" with MS VC++ 10.0 (VS2010)

time: Thu Dec 15 23:54:28 2016
elapsed time: 12011 seconds (0d 3h 20m 11s)

