/*C11*/SET SCHEMA PUBLIC
DELETE FROM WORK WHERE ID=1
DELETE FROM WORK WHERE ID=2
DELETE FROM WORK WHERE ID=3
DELETE FROM WORK WHERE ID=4
DELETE FROM WORK WHERE ID=5
DELETE FROM WORK WHERE ID=6
DELETE FROM WORK WHERE ID=7
DELETE FROM WORK WHERE ID=8
DELETE FROM WORK WHERE ID=9
COMMIT
DELETE FROM BUILDING WHERE ID=1
COMMIT
DELETE FROM BUILDING WHERE ID=2
COMMIT
DELETE FROM BUILDING WHERE ID=4
COMMIT
DELETE FROM BUILDING WHERE ID=3
COMMIT
DELETE FROM BUILDING WHERE ID=5
COMMIT
INSERT INTO BUILDING VALUES(6,'\u062f\u06a9\u062a\u0631 \u0627\u0645\u06cc\u0646\u06cc')
COMMIT
INSERT INTO BUILDING VALUES(7,'\u062f\u06a9\u062a\u0631 \u063a\u0641\u0627\u0631\u067e\u0633\u0646\u062f')
COMMIT
DELETE FROM BUILDING WHERE ID=7
COMMIT
INSERT INTO BUILDING VALUES(8,'\u0635\u0627\u062f\u0642\u06cc')
COMMIT
INSERT INTO BUILDING VALUES(9,'\u062f\u06a9\u062a\u0631 \u063a\u0641\u0627\u0631\u067e\u0633\u0646\u062f')
COMMIT
INSERT INTO BUILDING VALUES(10,'\u062f\u06a9\u062a\u0631 \u0627\u0631\u062f\u0633\u062a\u0627\u0646\u06cc')
COMMIT
DELETE FROM WAGE WHERE ID=5
COMMIT
DELETE FROM POSITION WHERE ID=1
COMMIT
/*C10*/SET SCHEMA PUBLIC
DELETE FROM PERSON WHERE ID=1
COMMIT
DELETE FROM WAGE WHERE ID=1
COMMIT
DELETE FROM POSITION WHERE ID=2
COMMIT
DELETE FROM WAGE WHERE ID=2
COMMIT
DELETE FROM POSITION WHERE ID=3
COMMIT
DELETE FROM WAGE WHERE ID=3
COMMIT
DELETE FROM POSITION WHERE ID=4
COMMIT
INSERT INTO POSITION VALUES(6,'\u0628\u0646\u06272')
COMMIT
INSERT INTO WAGE VALUES(6,800000.0E0,'0002-12-31 00:00:00.000000',6)
COMMIT
INSERT INTO POSITION VALUES(7,'\u0633\u0631 \u06a9\u0627\u0631\u06af\u0631 1')
COMMIT
INSERT INTO WAGE VALUES(7,600000.0E0,'0002-12-31 00:00:00.000000',7)
COMMIT
INSERT INTO POSITION VALUES(8,'\u0633\u0631 \u06a9\u0627\u0631\u06af\u0631 2')
COMMIT
INSERT INTO WAGE VALUES(8,500000.0E0,'0002-12-31 00:00:00.000000',8)
COMMIT
INSERT INTO POSITION VALUES(9,'\u06a9\u0627\u0631\u06af\u0631 \u0633\u0627\u062f\u0647')
COMMIT
INSERT INTO WAGE VALUES(9,450000.0E0,'0002-12-31 00:00:00.000000',9)
COMMIT
INSERT INTO PERSON VALUES(2,'\u0639\u0628\u0627\u0633','\u0645\u0634\u0647\u062f\u06cc',5)
COMMIT
INSERT INTO PERSON VALUES(3,'\u0639\u0628\u062f\u0627\u0644\u0644\u0647',NULL,6)
COMMIT
INSERT INTO PERSON VALUES(4,'\u0633\u0648\u0631',NULL,8)
COMMIT
INSERT INTO PERSON VALUES(5,'\u062d\u0627\u062c\u06cc \u0622\u0642\u0627',NULL,7)
COMMIT
INSERT INTO PERSON VALUES(6,'\u0633\u0644\u0627\u0645',NULL,9)
COMMIT
INSERT INTO WORK VALUES(10,'2016-03-20 00:00:00.000000',3.0E0,6,5)
INSERT INTO WORK VALUES(11,'2016-03-22 00:00:00.000000',1.5E0,6,5)
INSERT INTO WORK VALUES(12,'2016-03-23 00:00:00.000000',6.5E0,6,5)
INSERT INTO WORK VALUES(13,'2016-03-21 00:00:00.000000',2.0E0,8,5)
INSERT INTO WORK VALUES(14,'2016-03-22 00:00:00.000000',5.0E0,8,5)
INSERT INTO WORK VALUES(15,'2016-03-20 00:00:00.000000',2.0E0,9,5)
INSERT INTO WORK VALUES(16,'2016-03-21 00:00:00.000000',5.0E0,9,5)
INSERT INTO WORK VALUES(17,'2016-03-22 00:00:00.000000',0.5E0,9,5)
INSERT INTO WORK VALUES(18,'2016-03-23 00:00:00.000000',1.5E0,9,5)
INSERT INTO WORK VALUES(19,'2016-03-20 00:00:00.000000',3.0E0,10,5)
INSERT INTO WORK VALUES(20,'2016-03-21 00:00:00.000000',1.0E0,10,5)
INSERT INTO WORK VALUES(21,'2016-03-22 00:00:00.000000',1.0E0,10,5)
COMMIT
/*C11*/INSERT INTO WORK VALUES(22,'2016-04-20 00:00:00.000000',5.0E0,6,3)
INSERT INTO WORK VALUES(23,'2016-04-21 00:00:00.000000',2.0E0,6,3)
INSERT INTO WORK VALUES(24,'2016-04-22 00:00:00.000000',1.5E0,6,3)
INSERT INTO WORK VALUES(25,'2016-04-23 00:00:00.000000',3.5E0,6,3)
INSERT INTO WORK VALUES(26,'2016-04-24 00:00:00.000000',8.0E0,6,3)
INSERT INTO WORK VALUES(27,'2016-04-20 00:00:00.000000',3.0E0,10,3)
INSERT INTO WORK VALUES(28,'2016-04-21 00:00:00.000000',8.0E0,10,3)
INSERT INTO WORK VALUES(29,'2016-04-22 00:00:00.000000',6.5E0,10,3)
INSERT INTO WORK VALUES(30,'2016-04-23 00:00:00.000000',5.0E0,10,3)
INSERT INTO WORK VALUES(31,'2016-04-25 00:00:00.000000',9.5E0,10,3)
COMMIT
DELETE FROM WORK WHERE ID=10
DELETE FROM WORK WHERE ID=11
DELETE FROM WORK WHERE ID=12
DELETE FROM WORK WHERE ID=13
DELETE FROM WORK WHERE ID=14
DELETE FROM WORK WHERE ID=15
DELETE FROM WORK WHERE ID=16
DELETE FROM WORK WHERE ID=17
DELETE FROM WORK WHERE ID=18
DELETE FROM WORK WHERE ID=19
DELETE FROM WORK WHERE ID=20
DELETE FROM WORK WHERE ID=21
COMMIT
